<?xml version="1.0" encoding="UTF-8"?>
<testsuite name="danta.DantaApplicationTests" tests="1" skipped="0" failures="0" errors="0" timestamp="2023-04-20T08:01:54" hostname="RTNB259" time="0.013">
  <properties/>
  <testcase name="contextLoads()" classname="danta.DantaApplicationTests" time="0.013"/>
  <system-out><![CDATA[]]></system-out>
  <system-err><![CDATA[]]></system-err>
</testsuite>
