<?xml version="1.0" encoding="UTF-8"?>
<testsuite name="danta.DantaApplicationTests" tests="1" skipped="0" failures="0" errors="0" timestamp="2022-12-28T11:48:19" hostname="Jiwon-Moon-Macmini.local" time="0.023">
  <properties/>
  <testcase name="contextLoads()" classname="danta.DantaApplicationTests" time="0.023"/>
  <system-out><![CDATA[]]></system-out>
  <system-err><![CDATA[]]></system-err>
</testsuite>
